{
  "stats": {
    "suites": 2,
    "tests": 6,
    "passes": 6,
    "pending": 0,
    "failures": 0,
    "start": "2018-08-01T00:37:23.129Z",
    "end": "2018-08-01T00:37:39.001Z",
    "duration": 15872,
    "testsRegistered": 6,
    "passPercent": 100,
    "pendingPercent": 0,
    "other": 0,
    "hasOther": false,
    "skipped": 0,
    "hasSkipped": false,
    "passPercentClass": "success",
    "pendingPercentClass": "danger"
  },
  "suites": {
    "uuid": "521b85d9-fd4d-4978-9a27-c92eab311829",
    "title": "",
    "fullFile": "",
    "file": "",
    "beforeHooks": [],
    "afterHooks": [],
    "tests": [],
    "suites": [
      {
        "uuid": "bdffd937-12a1-49aa-8ec7-7abd055c6216",
        "title": "On the Home Page",
        "fullFile": "/Users/ykon/Education/JS_Courses/MochaTesting/test/home.spec.js",
        "file": "/test/home.spec.js",
        "beforeHooks": [
          {
            "title": "\"before each\" hook",
            "fullTitle": "On the Home Page \"before each\" hook",
            "timedOut": false,
            "duration": 1104,
            "pass": false,
            "fail": false,
            "pending": false,
            "code": "page = await new Page();\nawait page.visit('https://library-app.firebaseapp.com/');",
            "err": {},
            "isRoot": false,
            "uuid": "cb66485b-f02d-4d78-98a9-cdc895fa32ae",
            "isHook": true,
            "skipped": false
          }
        ],
        "afterHooks": [
          {
            "title": "\"after each\" hook",
            "fullTitle": "On the Home Page \"after each\" hook",
            "timedOut": false,
            "duration": 53,
            "pass": false,
            "fail": false,
            "pending": false,
            "code": "await page.quit();",
            "err": {},
            "isRoot": false,
            "uuid": "a658b37b-ea37-4161-a9a1-ece2e0ccfc95",
            "isHook": true,
            "skipped": false
          }
        ],
        "tests": [
          {
            "title": "Typing valid email changes button opacity to 1",
            "fullTitle": "On the Home Page Typing valid email changes button opacity to 1",
            "timedOut": false,
            "duration": 1056,
            "state": "passed",
            "speed": "slow",
            "pass": true,
            "fail": false,
            "pending": false,
            "code": "var btn = await page.requestBtn();\nawait btn.opacity.should.eventually.equal('1');",
            "err": {},
            "isRoot": false,
            "uuid": "253fb31b-1546-4920-a6e3-0817d4c90d41",
            "isHook": false,
            "skipped": false
          },
          {
            "title": "Typing valid email enables request button",
            "fullTitle": "On the Home Page Typing valid email enables request button",
            "timedOut": false,
            "duration": 1056,
            "state": "passed",
            "speed": "slow",
            "pass": true,
            "fail": false,
            "pending": false,
            "code": "var btn = await page.requestBtn();\nawait btn.state.should.eventually.be.true;",
            "err": {},
            "isRoot": false,
            "uuid": "23482754-2dd4-4df9-b5e5-2d88d235818b",
            "isHook": false,
            "skipped": false
          },
          {
            "title": "Clicking on request button triggers a success message",
            "fullTitle": "On the Home Page Clicking on request button triggers a success message",
            "timedOut": false,
            "duration": 1605,
            "state": "passed",
            "speed": "slow",
            "pass": true,
            "fail": false,
            "pending": false,
            "code": "var alert = page.alertSuccess();\nawait alert.should.eventually.contain(\"Thank you!\");",
            "err": {},
            "isRoot": false,
            "uuid": "a7019c66-c4d9-4873-a91e-64360ba794d2",
            "isHook": false,
            "skipped": false
          }
        ],
        "suites": [],
        "passes": [
          "253fb31b-1546-4920-a6e3-0817d4c90d41",
          "23482754-2dd4-4df9-b5e5-2d88d235818b",
          "a7019c66-c4d9-4873-a91e-64360ba794d2"
        ],
        "failures": [],
        "pending": [],
        "skipped": [],
        "duration": 3717,
        "root": false,
        "rootEmpty": false,
        "_timeout": 50000
      },
      {
        "uuid": "5124e86d-74ee-4273-979a-6012bf4a0c68",
        "title": "Libraries Page",
        "fullFile": "/Users/ykon/Education/JS_Courses/MochaTesting/test/libraries.spec.js",
        "file": "/test/libraries.spec.js",
        "beforeHooks": [
          {
            "title": "\"before each\" hook",
            "fullTitle": "Libraries Page \"before each\" hook",
            "timedOut": false,
            "duration": 1132,
            "pass": false,
            "fail": false,
            "pending": false,
            "code": "page = await new Page();\nawait page.visit('https://library-app.firebaseapp.com/libraries');",
            "err": {},
            "isRoot": false,
            "uuid": "8d06aebb-4f62-4f74-a5da-7ce8f9c6c5b5",
            "isHook": true,
            "skipped": false
          }
        ],
        "afterHooks": [
          {
            "title": "\"after each\" hook",
            "fullTitle": "Libraries Page \"after each\" hook",
            "timedOut": false,
            "duration": 52,
            "pass": false,
            "fail": false,
            "pending": false,
            "code": "await page.quit();",
            "err": {},
            "isRoot": false,
            "uuid": "dfd2e7e2-b589-4a8c-b615-bf7812fda495",
            "isHook": true,
            "skipped": false
          }
        ],
        "tests": [
          {
            "title": "Should list libraries",
            "fullTitle": "Libraries Page Should list libraries",
            "timedOut": false,
            "duration": 315,
            "state": "passed",
            "speed": "slow",
            "pass": true,
            "fail": false,
            "pending": false,
            "code": "var libraries = page.listLibraries();\nawait libraries.should.eventually.have.length.above(10);",
            "err": {},
            "isRoot": false,
            "uuid": "81a8ad72-90fa-4b31-8d34-20854a5d1395",
            "isHook": false,
            "skipped": false
          },
          {
            "title": "Should add new library",
            "fullTitle": "Libraries Page Should add new library",
            "timedOut": false,
            "duration": 1835,
            "state": "passed",
            "speed": "slow",
            "pass": true,
            "fail": false,
            "pending": false,
            "code": "var addLibrary = await page.addLibrary();\nawait addLibrary.libraryList.should.eventually.contain(addLibrary.libraryName);",
            "err": {},
            "isRoot": false,
            "uuid": "2a9e00f9-7f0e-44b2-88c2-13f1cbdde586",
            "isHook": false,
            "skipped": false
          },
          {
            "title": "Should filter libraries",
            "fullTitle": "Libraries Page Should filter libraries",
            "timedOut": false,
            "duration": 2109,
            "state": "passed",
            "speed": "slow",
            "pass": true,
            "fail": false,
            "pending": false,
            "code": "var filterLibraries = await page.filterLibraries();\nawait filterLibraries.libraryList.should.eventually.contain(filterLibraries.libraryName);",
            "err": {},
            "isRoot": false,
            "uuid": "31eb9355-9dac-405e-b439-3af0680ac308",
            "isHook": false,
            "skipped": false
          }
        ],
        "suites": [],
        "passes": [
          "81a8ad72-90fa-4b31-8d34-20854a5d1395",
          "2a9e00f9-7f0e-44b2-88c2-13f1cbdde586",
          "31eb9355-9dac-405e-b439-3af0680ac308"
        ],
        "failures": [],
        "pending": [],
        "skipped": [],
        "duration": 4259,
        "root": false,
        "rootEmpty": false,
        "_timeout": 50000
      }
    ],
    "passes": [],
    "failures": [],
    "pending": [],
    "skipped": [],
    "duration": 0,
    "root": true,
    "rootEmpty": true,
    "_timeout": 2000
  },
  "copyrightYear": 2018
}