{
  "stats": {
    "suites": 1,
    "tests": 3,
    "passes": 3,
    "pending": 0,
    "failures": 0,
    "start": "2018-07-31T01:33:21.823Z",
    "end": "2018-07-31T01:33:31.778Z",
    "duration": 9955,
    "testsRegistered": 3,
    "passPercent": 100,
    "pendingPercent": 0,
    "other": 0,
    "hasOther": false,
    "skipped": 0,
    "hasSkipped": false,
    "passPercentClass": "success",
    "pendingPercentClass": "danger"
  },
  "suites": {
    "uuid": "c3bd4ecd-00ca-4ba8-847c-e1c7373867d7",
    "title": "",
    "fullFile": "",
    "file": "",
    "beforeHooks": [],
    "afterHooks": [],
    "tests": [],
    "suites": [
      {
        "uuid": "d8965246-2554-4f79-ba1f-96334a8806d2",
        "title": "Library app scenarios",
        "fullFile": "/Users/ykon/Education/JS_Courses/MochaTesting/test/library.spec.js",
        "file": "/test/library.spec.js",
        "beforeHooks": [
          {
            "title": "\"before each\" hook",
            "fullTitle": "Library app scenarios \"before each\" hook",
            "timedOut": false,
            "duration": 1783,
            "pass": false,
            "fail": false,
            "pending": false,
            "code": "page = await new Page();\nawait page.visit('https://library-app.firebaseapp.com/');",
            "err": {},
            "isRoot": false,
            "uuid": "71cee13d-84b0-46b5-aed9-6246c26e783d",
            "isHook": true,
            "skipped": false
          }
        ],
        "afterHooks": [
          {
            "title": "\"after each\" hook",
            "fullTitle": "Library app scenarios \"after each\" hook",
            "timedOut": false,
            "duration": 53,
            "pass": false,
            "fail": false,
            "pending": false,
            "code": "await page.quit();",
            "err": {},
            "isRoot": false,
            "uuid": "d50268ba-5212-4fbb-9666-e4c18f1d74b5",
            "isHook": true,
            "skipped": false
          }
        ],
        "tests": [
          {
            "title": "Typing valid email changes button opacity to 1",
            "fullTitle": "Library app scenarios Typing valid email changes button opacity to 1",
            "timedOut": false,
            "duration": 1048,
            "state": "passed",
            "speed": "slow",
            "pass": true,
            "fail": false,
            "pending": false,
            "code": "var btn = await page.requestBtn();\nawait btn.opacity.should.eventually.equal('1');",
            "err": {},
            "isRoot": false,
            "uuid": "63c2af81-9a54-4d3b-b4fa-c7e0df45ca11",
            "isHook": false,
            "skipped": false
          },
          {
            "title": "Typing valid email enables request button",
            "fullTitle": "Library app scenarios Typing valid email enables request button",
            "timedOut": false,
            "duration": 1049,
            "state": "passed",
            "speed": "slow",
            "pass": true,
            "fail": false,
            "pending": false,
            "code": "var btn = await page.requestBtn();\nawait btn.state.should.eventually.be.true;",
            "err": {},
            "isRoot": false,
            "uuid": "d4a4462e-537d-487e-99ab-ab9fab05f58d",
            "isHook": false,
            "skipped": false
          },
          {
            "title": "Clicking on request button triggers a success message",
            "fullTitle": "Library app scenarios Clicking on request button triggers a success message",
            "timedOut": false,
            "duration": 2531,
            "state": "passed",
            "speed": "slow",
            "pass": true,
            "fail": false,
            "pending": false,
            "code": "var alert = page.alertSuccess();\nawait alert.should.eventually.contain(\"Thank you!\");",
            "err": {},
            "isRoot": false,
            "uuid": "9f6b619a-9fd8-4c89-a5fa-430414df961d",
            "isHook": false,
            "skipped": false
          }
        ],
        "suites": [],
        "passes": [
          "63c2af81-9a54-4d3b-b4fa-c7e0df45ca11",
          "d4a4462e-537d-487e-99ab-ab9fab05f58d",
          "9f6b619a-9fd8-4c89-a5fa-430414df961d"
        ],
        "failures": [],
        "pending": [],
        "skipped": [],
        "duration": 4628,
        "root": false,
        "rootEmpty": false,
        "_timeout": 50000
      }
    ],
    "passes": [],
    "failures": [],
    "pending": [],
    "skipped": [],
    "duration": 0,
    "root": true,
    "rootEmpty": true,
    "_timeout": 2000
  },
  "copyrightYear": 2018
}